Operating system: Linux
                  0.0.0 Linux 3.10.0-1160.76.1.el7.x86_64 #1 SMP Wed Aug 10 16:21:17 UTC 2022 x86_64
CPU: amd64
     family 6 model 26 stepping 5
     8 CPUs

GPU: UNKNOWN

Crash reason:  DUMP_REQUESTED
Crash address: 0x2ab6e6552406
Process uptime: not available

Thread 0 (crashed)
 0  libcbreakpad.so + 0x36406
    rax = 0x00002ab6e7003348   rdx = 0x0000000000000000
    rcx = 0x00002ab6e6550cb2   rbx = 0x00002ab6e70037b0
    rsi = 0x0000000000000001   rdi = 0x00002ab6e7003138
    rbp = 0x00002ab6e70036f0   rsp = 0x00002ab6e70030a0
     r8 = 0x0000000000000000    r9 = 0x0000000000000000
    r10 = 0x000000000000000c   r11 = 0x0000000003ede130
    r12 = 0x0000000000000000   r13 = 0x00002ab6e7003b18
    r14 = 0x00002ab6e7003730   r15 = 0x0000849f00004620
    rip = 0x00002ab6e6552406
    Found by: given as instruction pointer in context
 1  libcbreakpad.so + 0x34672
    rbp = 0x00002ab6e7003840   rsp = 0x00002ab6e7003700
    rip = 0x00002ab6e6550672
    Found by: previous frame's frame pointer
 2  libc-2.17.so + 0x36387
    rbp = 0x00002ab6e7003840   rsp = 0x00002ab6e7003838
    rip = 0x00002ab6e6184387
    Found by: stack scanning
 3  xmsim + 0x14e1f36
    rsp = 0x00002ab6e7003850   rip = 0x00000000018e1f36
    Found by: stack scanning

Loaded modules:
0x00400000 - 0x02ef9fff  xmsim  ???  (main)  (WARNING: No symbols, xmsim, BA1589BEC95F518C43F9346AFBBBF4070)
0x2ab6e5808000 - 0x2ab6e5829fff  ld-2.17.so  ???
0x2ab6e582d000 - 0x2ab6e5a03fff  libstdc++.so.6.0.28  ???
0x2ab6e5a07000 - 0x2ab6e5a20fff  libgcc_s.so.1  ???
0x2ab6e5a29000 - 0x2ab6e5a2afff  ld-2.17.so  ???
0x2ab6e5a2c000 - 0x2ab6e5a42fff  libpthread-2.17.so  ???
0x2ab6e5a43000 - 0x2ab6e5c43fff  libpthread-2.17.so  ???
0x2ab6e5c48000 - 0x2ab6e5c49fff  libdl-2.17.so  ???
0x2ab6e5c4a000 - 0x2ab6e5e4bfff  libdl-2.17.so  ???
0x2ab6e5e4c000 - 0x2ab6e5f4cfff  libm-2.17.so  ???
0x2ab6e5f4d000 - 0x2ab6e614dfff  libm-2.17.so  ???
0x2ab6e614e000 - 0x2ab6e6311fff  libc-2.17.so  ???  (WARNING: No symbols, libc-2.17.so, 79E270948F389C7FB2ED3B2872D0C2090)
0x2ab6e6312000 - 0x2ab6e6516fff  libc-2.17.so  ???
0x2ab6e651c000 - 0x2ab6e6580fff  libcbreakpad.so  ???  (WARNING: No symbols, libcbreakpad.so, 63B86735150D8CAFFEA2339F8607BB350)
0x2ab6e6581000 - 0x2ab6e6585fff  libcbreakpad.so  ???
0x2ab6e658d000 - 0x2ab6e6625fff  libxmjudy.so.1.0.3  ???
0x2ab6e66a7000 - 0x2ab6e66b2fff  libnss_files-2.17.so  ???
0x2ab6e66b3000 - 0x2ab6e68b3fff  libnss_files-2.17.so  ???
0x2ab6e68ba000 - 0x2ab6e68c4fff  libnss_nis-2.17.so  ???
0x2ab6e68c5000 - 0x2ab6e6ac5fff  libnss_nis-2.17.so  ???
0x2ab6e6ac6000 - 0x2ab6e6adcfff  libnsl-2.17.so  ???
0x2ab6e6add000 - 0x2ab6e6cddfff  libnsl-2.17.so  ???
0x2ab6e6ce0000 - 0x2ab6e6d92fff  libdcapi.so  ???
0x2ab6e6d93000 - 0x2ab6e6d9ffff  libdcapi.so  ???
0x2ab6e6da1000 - 0x2ab6e6f54fff  libStrapNC.so  ???
0x2ab6e6f60000 - 0x2ab6e6f83fff  libml_uvm.so  ???
0x2ab6e6f84000 - 0x2ab6e6f93fff  ncvlog_ssl.so  ???
0x2ab6e7d73000 - 0x2ab6e7d7afff  libcrypt-2.17.so  ???
0x2ab6e7d7b000 - 0x2ab6e7f7bfff  libcrypt-2.17.so  ???
0x2ab6e7faa000 - 0x2ab6e7fabfff  libfreebl3.so  ???
0x2ab6e7fac000 - 0x2ab6e81acfff  libfreebl3.so  ???
0x2ab6e8372000 - 0x2ab6e837afff  libxdt.so  ???
0x2ab6e8594000 - 0x2ab6e9584fff  libbdw_st.so  ???
0x2ab6e95e5000 - 0x2ab6e9cdefff  libnffr.so  ???
0x2ab6e9cdf000 - 0x2ab6e9f06fff  libnffr.so  ???
0x2ab6ea9af000 - 0x2ab6eabc0fff  libnsys.so  ???
0x2ab6eabc1000 - 0x2ab6eadcdfff  libnsys.so  ???
0x2ab6eade0000 - 0x2ab6eadfafff  libz_sh.so  ???
0x2ab6eadfb000 - 0x2ab6eae01fff  librt-2.17.so  ???
0x2ab6eae02000 - 0x2ab6eb002fff  librt-2.17.so  ???
0x2ab6eb003000 - 0x2ab6eb022fff  libcdsCommon_sh.so  ???
0x2ab6eb128000 - 0x2ab6eb29dfff  libhub.so  ???
0x2ab6eb3ab000 - 0x2ab6eb6edfff  libcynshell2.0.so  ???
0x2ab6eb6ee000 - 0x2ab6ecd89fff  libstratus_hls.so  ???
0x2ab6ecd8a000 - 0x2ab6ece0bfff  libstratus_hls.so  ???
0x2ab6ef4ec000 - 0x2ab6f06ccfff  libz3.so  ???
0x2ab6f06cd000 - 0x2ab6f08f8fff  libz3.so  ???
0x2ab6f08fb000 - 0x2ab6f0932fff  libgomp.so.1.0.0  ???
0x2ab6f8934000 - 0x2ab6f8951fff  libitcl3.4.so  ???
0x2ab6f9e67000 - 0x2ab6f9f27fff  sim_V_BASIC.so  ???
0x2ab6f9f29000 - 0x2ab6fa1cafff  libscv-2.0.1.so  ???
0x2ab6fa1d2000 - 0x2ab6fa3b4fff  libsystemc-2.3.3.so  ???
0x7ffdadf32000 - 0x7ffdadf33fff  linux-gate.so  ???

******BACKTRACE*****
vserror (xmsim) [0x18e1f36]
serror (xmsim) [0x18e3a95]
sv_abrthandler (xmsim) [0xb4786c]
_CAD_DJR_FM_0001420 (xmsim) [0x7e0056]
_CAD_DJR_FM_0001250 (xmsim) [0x9a771c]
opi_xUserCall (xmsim) [0x8863cb]
ssl_nc_call_systf (xmsim) [0xcdc544]
******BACKTRACE END*****