Operating system: Linux
                  0.0.0 Linux 3.10.0-1160.81.1.el7.x86_64 #1 SMP Fri Dec 16 17:29:43 UTC 2022 x86_64
CPU: amd64
     family 6 model 106 stepping 6
     1 CPU

GPU: UNKNOWN

Crash reason:  DUMP_REQUESTED
Crash address: 0x2b91b0a8f406
Process uptime: not available

Thread 0 (crashed)
 0  libcbreakpad.so + 0x36406
    rax = 0x0000000000000000   rdx = 0x0000000000000000
    rcx = 0x00002b91b0a8dcb2   rbx = 0x00002b91b153fe30
    rsi = 0x0000000000000001   rdi = 0x00002b91b153f7b8
    rbp = 0x00002b91b153fd70   rsp = 0x00002b91b153f720
     r8 = 0x0000000000000000    r9 = 0x0000000000000000
    r10 = 0x0000000000000000   r11 = 0x0000000000000000
    r12 = 0x0000000000000000   r13 = 0x00002b91b1540198
    r14 = 0x00002b91b153fdb0   r15 = 0x00002b91c4536316
    rip = 0x00002b91b0a8f406
    Found by: given as instruction pointer in context
 1  libcbreakpad.so + 0x34672
    rbp = 0x00002b91b153fec0   rsp = 0x00002b91b153fd80
    rip = 0x00002b91b0a8d672
    Found by: previous frame's frame pointer
 2  xmsim + 0x696630
    rbp = 0x00002b91b153fec0   rsp = 0x00002b91b153fe18
    rip = 0x0000000000a96630
    Found by: stack scanning
 3  xmsim + 0x14e1f36
    rsp = 0x00002b91b153fed0   rip = 0x00000000018e1f36
    Found by: stack scanning

Loaded modules:
0x00400000 - 0x02ef9fff  xmsim  ???  (main)  (WARNING: No symbols, xmsim, BA1589BEC95F518C43F9346AFBBBF4070)
0x2b91afd45000 - 0x2b91afd66fff  ld-2.17.so  ???
0x2b91afd6a000 - 0x2b91aff40fff  libstdc++.so.6.0.28  ???
0x2b91aff44000 - 0x2b91aff5dfff  libgcc_s.so.1  ???
0x2b91aff66000 - 0x2b91aff67fff  ld-2.17.so  ???
0x2b91aff69000 - 0x2b91aff7ffff  libpthread-2.17.so  ???
0x2b91aff80000 - 0x2b91b0180fff  libpthread-2.17.so  ???
0x2b91b0185000 - 0x2b91b0186fff  libdl-2.17.so  ???
0x2b91b0187000 - 0x2b91b0388fff  libdl-2.17.so  ???
0x2b91b0389000 - 0x2b91b0489fff  libm-2.17.so  ???
0x2b91b048a000 - 0x2b91b068afff  libm-2.17.so  ???
0x2b91b068b000 - 0x2b91b084efff  libc-2.17.so  ???
0x2b91b084f000 - 0x2b91b0a53fff  libc-2.17.so  ???
0x2b91b0a59000 - 0x2b91b0abdfff  libcbreakpad.so  ???  (WARNING: No symbols, libcbreakpad.so, 63B86735150D8CAFFEA2339F8607BB350)
0x2b91b0abe000 - 0x2b91b0ac2fff  libcbreakpad.so  ???
0x2b91b0aca000 - 0x2b91b0b62fff  libxmjudy.so.1.0.3  ???
0x2b91b0be4000 - 0x2b91b0beffff  libnss_files-2.17.so  ???
0x2b91b0bf0000 - 0x2b91b0df0fff  libnss_files-2.17.so  ???
0x2b91b0df7000 - 0x2b91b0e01fff  libnss_nis-2.17.so  ???
0x2b91b0e02000 - 0x2b91b1002fff  libnss_nis-2.17.so  ???
0x2b91b1003000 - 0x2b91b1019fff  libnsl-2.17.so  ???
0x2b91b101a000 - 0x2b91b121afff  libnsl-2.17.so  ???
0x2b91b121d000 - 0x2b91b12cffff  libdcapi.so  ???
0x2b91b12d0000 - 0x2b91b12dcfff  libdcapi.so  ???
0x2b91b12de000 - 0x2b91b1491fff  libStrapNC.so  ???
0x2b91b149d000 - 0x2b91b14c0fff  libml_uvm.so  ???
0x2b91b14c1000 - 0x2b91b14d0fff  ncvlog_ssl.so  ???
0x2b91b23da000 - 0x2b91b23e1fff  libcrypt-2.17.so  ???
0x2b91b23e2000 - 0x2b91b25e2fff  libcrypt-2.17.so  ???
0x2b91b2611000 - 0x2b91b2612fff  libfreebl3.so  ???
0x2b91b2613000 - 0x2b91b2813fff  libfreebl3.so  ???
0x2b91b29d9000 - 0x2b91b29e1fff  libxdt.so  ???
0x2b91b2bfb000 - 0x2b91b3bebfff  libbdw_st.so  ???
0x2b91b3c4c000 - 0x2b91b4345fff  libnffr.so  ???
0x2b91b4346000 - 0x2b91b456dfff  libnffr.so  ???
0x2b91b5016000 - 0x2b91b5227fff  libnsys.so  ???
0x2b91b5228000 - 0x2b91b5434fff  libnsys.so  ???
0x2b91b5447000 - 0x2b91b5461fff  libz_sh.so  ???
0x2b91b5462000 - 0x2b91b5468fff  librt-2.17.so  ???
0x2b91b5469000 - 0x2b91b5669fff  librt-2.17.so  ???
0x2b91b566a000 - 0x2b91b5689fff  libcdsCommon_sh.so  ???
0x2b91b578f000 - 0x2b91b5904fff  libhub.so  ???
0x2b91b5a12000 - 0x2b91b5d54fff  libcynshell2.0.so  ???
0x2b91b5d55000 - 0x2b91b73f0fff  libstratus_hls.so  ???
0x2b91b73f1000 - 0x2b91b7472fff  libstratus_hls.so  ???
0x2b91b9b53000 - 0x2b91bad33fff  libz3.so  ???
0x2b91bad34000 - 0x2b91baf5ffff  libz3.so  ???
0x2b91baf62000 - 0x2b91baf99fff  libgomp.so.1.0.0  ???
0x2b91c2f9b000 - 0x2b91c2fb8fff  libitcl3.4.so  ???
0x2b91c44ce000 - 0x2b91c458ffff  sim_V_PIPELINE.so  ???
0x2b91c4591000 - 0x2b91c4832fff  libscv-2.0.1.so  ???
0x2b91c483a000 - 0x2b91c4a1cfff  libsystemc-2.3.3.so  ???
0x7ffcdc7f7000 - 0x7ffcdc7f8fff  linux-gate.so  ???

******BACKTRACE*****
vserror (xmsim) [0x18e1f36]
serror (xmsim) [0x18e3a95]
sv_seghandler_aux (xmsim) [0xb47314]
sv_seghandler (xmsim) [0xb4791d]
******BACKTRACE END*****