Operating system: Linux
                  0.0.0 Linux 3.10.0-1160.81.1.el7.x86_64 #1 SMP Fri Dec 16 17:29:43 UTC 2022 x86_64
CPU: amd64
     family 6 model 106 stepping 6
     1 CPU

GPU: UNKNOWN

Crash reason:  DUMP_REQUESTED
Crash address: 0x2b75dd54d406
Process uptime: not available

Thread 0 (crashed)
 0  libcbreakpad.so + 0x36406
    rax = 0xffffffffffffffff   rdx = 0x0000000000000000
    rcx = 0x00002b75dd54bcb2   rbx = 0x00002b75ddffde30
    rsi = 0x0000000000000001   rdi = 0x00002b75ddffd7b8
    rbp = 0x00002b75ddffdd70   rsp = 0x00002b75ddffd720
     r8 = 0x0000000000000000    r9 = 0x0000000000000000
    r10 = 0x0000000000000000   r11 = 0x000003e800000000
    r12 = 0x0000000000000000   r13 = 0x0000000000000000
    r14 = 0x00002b75ddffddb0   r15 = 0x0000000000000000
    rip = 0x00002b75dd54d406
    Found by: given as instruction pointer in context
 1  libcbreakpad.so + 0x34672
    rbp = 0x00002b75ddffdec0   rsp = 0x00002b75ddffdd80
    rip = 0x00002b75dd54b672
    Found by: previous frame's frame pointer
 2  xmsim + 0x14f8bd0
    rbp = 0x00002b75ddffdec0   rsp = 0x00002b75ddffdde8
    rip = 0x00000000018f8bd0
    Found by: stack scanning
 3  libc-2.17.so + 0x203760
    rbp = 0x00002b75ddffdec0   rsp = 0x00002b75ddffddf0
    rip = 0x00002b75dd510760
    Found by: stack scanning
 4  libc-2.17.so + 0x4d2cd
    rbp = 0x00002b75ddffdec0   rsp = 0x00002b75ddffde10
    rip = 0x00002b75dd1962cd
    Found by: stack scanning
 5  xmsim + 0x2946f40
    rbp = 0x00002b75ddffdec0   rsp = 0x00002b75ddffde18
    rip = 0x0000000002d46f40
    Found by: stack scanning
 6  libc-2.17.so + 0x203760
    rbp = 0x00002b75ddffdec0   rsp = 0x00002b75ddffde30
    rip = 0x00002b75dd510760
    Found by: stack scanning
 7  xmsim + 0x14e3457
    rsp = 0x00002b75ddffded0   rip = 0x00000000018e3457
    Found by: stack scanning
 8  xmsim + 0x2946f40
    rsp = 0x00002b75ddffdef0   rip = 0x0000000002d46f40
    Found by: stack scanning

Loaded modules:
0x00400000 - 0x02ef9fff  xmsim  ???  (main)  (WARNING: No symbols, xmsim, BA1589BEC95F518C43F9346AFBBBF4070)
0x2b75dc803000 - 0x2b75dc824fff  ld-2.17.so  ???
0x2b75dc828000 - 0x2b75dc9fefff  libstdc++.so.6.0.28  ???
0x2b75dca02000 - 0x2b75dca1bfff  libgcc_s.so.1  ???
0x2b75dca24000 - 0x2b75dca25fff  ld-2.17.so  ???
0x2b75dca27000 - 0x2b75dca3dfff  libpthread-2.17.so  ???
0x2b75dca3e000 - 0x2b75dcc3efff  libpthread-2.17.so  ???
0x2b75dcc43000 - 0x2b75dcc44fff  libdl-2.17.so  ???
0x2b75dcc45000 - 0x2b75dce46fff  libdl-2.17.so  ???
0x2b75dce47000 - 0x2b75dcf47fff  libm-2.17.so  ???
0x2b75dcf48000 - 0x2b75dd148fff  libm-2.17.so  ???
0x2b75dd149000 - 0x2b75dd30cfff  libc-2.17.so  ???  (WARNING: No symbols, libc-2.17.so, 79E270948F389C7FB2ED3B2872D0C2090)
0x2b75dd30d000 - 0x2b75dd511fff  libc-2.17.so  ???  (WARNING: No symbols, libc-2.17.so, 000000000000000000000000000000000)
0x2b75dd517000 - 0x2b75dd57bfff  libcbreakpad.so  ???  (WARNING: No symbols, libcbreakpad.so, 63B86735150D8CAFFEA2339F8607BB350)
0x2b75dd57c000 - 0x2b75dd580fff  libcbreakpad.so  ???
0x2b75dd588000 - 0x2b75dd620fff  libxmjudy.so.1.0.3  ???
0x2b75dd6a2000 - 0x2b75dd6adfff  libnss_files-2.17.so  ???
0x2b75dd6ae000 - 0x2b75dd8aefff  libnss_files-2.17.so  ???
0x2b75dd8b5000 - 0x2b75dd8bffff  libnss_nis-2.17.so  ???
0x2b75dd8c0000 - 0x2b75ddac0fff  libnss_nis-2.17.so  ???
0x2b75ddac1000 - 0x2b75ddad7fff  libnsl-2.17.so  ???
0x2b75ddad8000 - 0x2b75ddcd8fff  libnsl-2.17.so  ???
0x2b75ddcdb000 - 0x2b75ddd8dfff  libdcapi.so  ???
0x2b75ddd8e000 - 0x2b75ddd9afff  libdcapi.so  ???
0x2b75ddd9c000 - 0x2b75ddf4ffff  libStrapNC.so  ???
0x2b75ddf5b000 - 0x2b75ddf7efff  libml_uvm.so  ???
0x2b75ddf7f000 - 0x2b75ddf8efff  ncvlog_ssl.so  ???
0x2b75dee82000 - 0x2b75dee89fff  libcrypt-2.17.so  ???
0x2b75dee8a000 - 0x2b75df08afff  libcrypt-2.17.so  ???
0x2b75df0b9000 - 0x2b75df0bafff  libfreebl3.so  ???
0x2b75df0bb000 - 0x2b75df2bbfff  libfreebl3.so  ???
0x2b75df481000 - 0x2b75df489fff  libxdt.so  ???
0x2b75df6a3000 - 0x2b75e0693fff  libbdw_st.so  ???
0x2b75e06f4000 - 0x2b75e0dedfff  libnffr.so  ???
0x2b75e0dee000 - 0x2b75e1015fff  libnffr.so  ???
0x2b75e1abe000 - 0x2b75e1ccffff  libnsys.so  ???
0x2b75e1cd0000 - 0x2b75e1edcfff  libnsys.so  ???
0x2b75e1eef000 - 0x2b75e1f09fff  libz_sh.so  ???
0x2b75e1f0a000 - 0x2b75e1f10fff  librt-2.17.so  ???
0x2b75e1f11000 - 0x2b75e2111fff  librt-2.17.so  ???
0x2b75e2112000 - 0x2b75e2131fff  libcdsCommon_sh.so  ???
0x2b75e2237000 - 0x2b75e23acfff  libhub.so  ???
0x2b75e24ba000 - 0x2b75e27fcfff  libcynshell2.0.so  ???
0x2b75e27fd000 - 0x2b75e3e98fff  libstratus_hls.so  ???
0x2b75e3e99000 - 0x2b75e3f1afff  libstratus_hls.so  ???
0x2b75e65fb000 - 0x2b75e77dbfff  libz3.so  ???
0x2b75e77dc000 - 0x2b75e7a07fff  libz3.so  ???
0x2b75e7a0a000 - 0x2b75e7a41fff  libgomp.so.1.0.0  ???
0x2b75efa43000 - 0x2b75efa60fff  libitcl3.4.so  ???
0x2b75f0f76000 - 0x2b75f102ffff  sim_V_PIPELINE.so  ???
0x2b75f1030000 - 0x2b75f1039fff  sim_V_PIPELINE.so  ???
0x2b75f103b000 - 0x2b75f12dcfff  libscv-2.0.1.so  ???
0x2b75f12e4000 - 0x2b75f14c6fff  libsystemc-2.3.3.so  ???
0x7fff5e1c5000 - 0x7fff5e1c6fff  linux-gate.so  ???

******BACKTRACE*****
vserror (xmsim) [0x18e3457]
serror (xmsim) [0x18e3a95]
sv_seghandler_aux (xmsim) [0xb473a1]
sv_seghandler (xmsim) [0xb4791d]
******BACKTRACE END*****