csi-xmsim - CSI: Command line:
xmsim
    -f /home/m111/m111061617/ee6470/stratus/double_stratus/stratus/bdw_work/sims/V_PIPELINE/run.lnx8664.22.03.d/ws26_24087/xmsim.args
        +BDW_VLOG_DUMPFILE+
        +hubSetOption+libdef=bdw_work/sims/V_PIPELINE/sim_V_PIPELINE.so,argv=../lena_color_256_noise.bmp%out.bmp
        +hubSetOption+bdr=bdw_work/sims/V_PIPELINE/sim.bdr
        +xm64bit
        +incdir+/usr/cadtool/cadence/STRATUS/STRATUS_21.10.100/tools.lnx86/stratus/lib
        +incdir+bdw_work/wrappers
        +access+rw
        +loadpli1=/usr/cadtool/cadence/STRATUS/STRATUS_21.10.100/tools.lnx86/stratus/lib/64bit/ncvlog_ssl:ssl_bootstrap
        +xminput+bdw_work/sims/V_PIPELINE/ncverilog.do
        +xmlibdirname+bdw_work/sims/V_PIPELINE
        +libext+.v
        +define+ioConfig
        +define+BDW_RTL_DoubleFilter_PIPELINE
        +nowarn+LIBNOU
        -amsdlibdir bdw_work/sims/V_PIPELINE/AMSD
        -INPUT bdw_work/sims/V_PIPELINE/ncverilog.do
        -NOWARN LIBNOU
        -MESSAGES
        +EMGRLOG bdw_work/sims/V_PIPELINE/bdw_sim_verilog.log
        -XLSTIME 1683377554
        -XLKEEP
        -XLMODE bdw_work/sims/V_PIPELINE/run.lnx8664.22.03.d
        -RUNMODE
        -CDSLIB bdw_work/sims/V_PIPELINE/run.lnx8664.22.03.d/cds.lib
        -HDLVAR bdw_work/sims/V_PIPELINE/run.lnx8664.22.03.d/hdl.var
        -XLNAME xrun
        -XLVERSION TOOL:	xrun(64)	22.03-s003
        -XLNAME ./bdw_work/sims/V_PIPELINE/run.lnx8664.22.03.d/ws26_24087
    -CHECK_VERSION TOOL:	xrun(64)	22.03-s003
    -LOG_FD 4
    -LOG_FD_NAME bdw_work/sims/V_PIPELINE/bdw_sim_verilog.log
    -cmdnopsim
    -runlock /home/m111/m111061617/ee6470/stratus/double_stratus/stratus/bdw_work/sims/V_PIPELINE/run.lnx8664.22.03.d/.xmlib.lock
    -runscratch /home/m111/m111061617/ee6470/stratus/double_stratus/stratus/bdw_work/sims/V_PIPELINE/run.lnx8664.22.03.d/ws26_24087

csi-xmsim - CSI: *F,INTERR: INTERNAL EXCEPTION
-----------------------------------------------------------------
The tool has encountered an unexpected condition and must exit.
Contact Cadence Design Systems customer support about this
problem and provide enough information to help us reproduce it,
including the logfile that contains this error message.
  TOOL:	xmsim(64)	22.03-s003
  HOSTNAME: ws26
  OPERATING SYSTEM: Linux 3.10.0-1160.81.1.el7.x86_64 #1 SMP Fri Dec 16 17:29:43 UTC 2022 x86_64
  MESSAGE: rts_abrthandler - SIGABRT unexpected violation pc=0x2b43f4f1a387 addr=0x849f00005e17
-----------------------------------------------------------------

csi-xmsim - CSI: Cadence Support Investigation, recording details
External Code in function: <unavailable> offset -65500
External Code in function: <unavailable> offset -65536
Simulator Snap Shot: gd (SSS_GD) in snapshot worklib.top:v (SSS)
External Code in function: <unavailable> offset -65535
External Code in function: <unavailable> offset -65533
Intermediate File: array of pointers (IF_PTRBLK) in snapshot worklib.top:v (SSS)
Intermediate File: string (IF_STRING) in snapshot worklib.top:v (SSS)
	Decompile: /usr/cadtool/cadence/STRATUS/STRATUS_21.10.100/tools.lnx86/stratus/lib/64bit/ncvlog_ssl
Simulator Snap Shot: dynlib (SSS_DYNLIB) in snapshot worklib.top:v (SSS)
External Code in function: <unavailable> offset -65420
External Code in function: <unavailable> offset -61440
External Code in function: <unavailable> offset -54416
csi-xmsim - CSI: investigation complete took 0.008 secs, send this file to Cadence Support
