/usr/cadtool/cadence/XCELIUM/XCELIUM_22.03.003/tools.lnx86/inca/bin/64bit/xmsim
Obtained 30 stack frames.
/usr/cadtool/cadence/XCELIUM/XCELIUM_22.03.003/tools.lnx86/inca/bin/64bit/../../../lib/64bit/libcbreakpad.so(_Z13use_backtracev+0x9d) [0x2ba589a2f1a3]
/usr/cadtool/cadence/XCELIUM/XCELIUM_22.03.003/tools.lnx86/inca/bin/64bit/../../../lib/64bit/libcbreakpad.so(cbpad_generate_dump_on_demand+0x66) [0x2ba589a2f630]
xmsim() [0x18e3457]
xmsim(serror+0x95) [0x18e3a95]
xmsim() [0xb478c6]
/usr/lib64/libpthread.so.0(+0xf630) [0x2ba588f1a630]
/usr/lib64/libc.so.6(gsignal+0x37) [0x2ba589663387]
/usr/lib64/libc.so.6(abort+0x148) [0x2ba589664a78]
/usr/cadtool/cadence/STRATUS/STRATUS_21.10.100/tools.lnx86/stratus/systemc/2.3.3/lib-linux64/libsystemc-2.3.3.so(+0x17c806) [0x2ba59d82c806]
/usr/cadtool/cadence/STRATUS/STRATUS_21.10.100/tools.lnx86/stratus/systemc/2.3.3/lib-linux64/libsystemc-2.3.3.so(_ZN7sc_core17sc_report_handler15default_handlerERKNS_9sc_reportERKj+0x2b4) [0x2ba59d82cac4]
/usr/cadtool/cadence/STRATUS/STRATUS_21.10.100/tools.lnx86/stratus/systemc/2.3.3/lib-linux64/libsystemc-2.3.3.so(_ZN7sc_core17sc_report_handler6reportENS_11sc_severityEPKcS3_S3_i+0x8f) [0x2ba59d82c6ef]
/usr/cadtool/cadence/STRATUS/STRATUS_21.10.100/tools.lnx86/stratus/systemc/2.3.3/lib-linux64/libsystemc-2.3.3.so(_ZN7sc_core19sc_assertion_failedEPKcS1_i+0x1e) [0x2ba59d82cb3e]
/usr/cadtool/cadence/STRATUS/STRATUS_21.10.100/tools.lnx86/stratus/systemc/2.3.3/lib-linux64/libsystemc-2.3.3.so(_ZN7sc_core9sc_cor_qt13stack_protectEb+0x68) [0x2ba59d753f28]
/usr/cadtool/cadence/STRATUS/STRATUS_21.10.100/tools.lnx86/stratus/systemc/2.3.3/lib-linux64/libsystemc-2.3.3.so(_ZN7sc_core17sc_thread_processD2Ev+0x84) [0x2ba59d76c814]
/usr/cadtool/cadence/STRATUS/STRATUS_21.10.100/tools.lnx86/stratus/systemc/2.3.3/lib-linux64/libsystemc-2.3.3.so(_ZN7sc_core17sc_thread_processD0Ev+0x9) [0x2ba59d76c839]
/usr/cadtool/cadence/STRATUS/STRATUS_21.10.100/tools.lnx86/stratus/systemc/2.3.3/lib-linux64/libsystemc-2.3.3.so(_ZN7sc_core9sc_signalIbLNS_16sc_writer_policyE0EED1Ev+0x125) [0x2ba59d7815f5]
bdw_work/sims/V_BASIC/sim_V_BASIC.so(_ZN4cynw16cynw_p2p_signalsIN5sc_dt7sc_uintILi24EEELb0EED2Ev+0x3c) [0x2ba59d3cc0fa]
bdw_work/sims/V_BASIC/sim_V_BASIC.so(_ZN4cynw8cynw_p2pIN5sc_dt7sc_uintILi24EEEN3HLS8hls_enumILi1EEES6_Lb0EED2Ev+0x18) [0x2ba59d3cc116]
bdw_work/sims/V_BASIC/sim_V_BASIC.so(_ZN6SystemD1Ev+0x99) [0x2ba59d3cba6b]
bdw_work/sims/V_BASIC/sim_V_BASIC.so(_ZN6SystemD0Ev+0x18) [0x2ba59d3cbafa]
bdw_work/sims/V_BASIC/sim_V_BASIC.so(_Z11esc_cleanupv+0x22) [0x2ba59d3c1f6e]
bdw_work/sims/V_BASIC/sim_V_BASIC.so(hub_libdef_default_callback+0x52) [0x2ba59d3d1593]
/usr/cadtool/cadence/STRATUS/STRATUS_21.10.100/tools.lnx86/stratus/lib/64bit/libhub.so(_ZN16CExecutableImage18clearLinkLibrariesEv+0x37) [0x2ba58e6daa77]
/usr/cadtool/cadence/STRATUS/STRATUS_21.10.100/tools.lnx86/stratus/lib/64bit/libhub.so(_ZN16CExecutableImageD1Ev+0x1a) [0x2ba58e6dab0a]
/usr/cadtool/cadence/STRATUS/STRATUS_21.10.100/tools.lnx86/stratus/lib/64bit/libhub.so(_ZN16CExecutableImageD0Ev+0x9) [0x2ba58e6dad49]
/usr/cadtool/cadence/STRATUS/STRATUS_21.10.100/tools.lnx86/stratus/lib/64bit/libhub.so(_ZN10CSLProgram16deleteExecutableEv+0x3e) [0x2ba58e6a163e]
/usr/cadtool/cadence/STRATUS/STRATUS_21.10.100/tools.lnx86/stratus/lib/64bit/libhub.so(_ZN10CSLProgramD1Ev+0xc) [0x2ba58e6a17cc]
/usr/cadtool/cadence/STRATUS/STRATUS_21.10.100/tools.lnx86/stratus/lib/64bit/libhub.so(+0xb8eec) [0x2ba58e6bfeec]
/usr/cadtool/cadence/STRATUS/STRATUS_21.10.100/tools.lnx86/stratus/lib/64bit/libhub.so(cpliTerminate+0xba) [0x2ba58e6c106a]
/usr/cadtool/cadence/STRATUS/STRATUS_21.10.100/tools.lnx86/stratus/lib/64bit/ncvlog_ssl.so(sslShutdown+0x27) [0x2ba58a46b2a7]
