/usr/cadtool/cadence/XCELIUM/XCELIUM_22.03.003/tools.lnx86/inca/bin/64bit/xmsim
Obtained 21 stack frames.
/usr/cadtool/cadence/XCELIUM/XCELIUM_22.03.003/tools.lnx86/inca/bin/64bit/../../../lib/64bit/libcbreakpad.so(_Z13use_backtracev+0x9d) [0x2b2eb6a431a3]
/usr/cadtool/cadence/XCELIUM/XCELIUM_22.03.003/tools.lnx86/inca/bin/64bit/../../../lib/64bit/libcbreakpad.so(cbpad_generate_dump_on_demand+0x66) [0x2b2eb6a43630]
xmsim() [0x18e1f36]
xmsim(serror+0x95) [0x18e3a95]
xmsim() [0xb4786c]
/usr/lib64/libpthread.so.0(+0xf630) [0x2b2eb5f2e630]
/usr/lib64/libc.so.6(gsignal+0x37) [0x2b2eb6677387]
/usr/lib64/libc.so.6(abort+0x148) [0x2b2eb6678a78]
/usr/cadtool/cadence/XCELIUM/XCELIUM_22.03.003/tools.lnx86/inca/bin/64bit/../../../lib/64bit/libstdc++.so.6(+0x9a663) [0x2b2eb5dba663]
/usr/cadtool/cadence/XCELIUM/XCELIUM_22.03.003/tools.lnx86/inca/bin/64bit/../../../lib/64bit/libstdc++.so.6(+0xa6096) [0x2b2eb5dc6096]
/usr/cadtool/cadence/XCELIUM/XCELIUM_22.03.003/tools.lnx86/inca/bin/64bit/../../../lib/64bit/libstdc++.so.6(+0xa6101) [0x2b2eb5dc6101]
/usr/cadtool/cadence/XCELIUM/XCELIUM_22.03.003/tools.lnx86/inca/bin/64bit/../../../lib/64bit/libstdc++.so.6(+0xa6355) [0x2b2eb5dc6355]
/usr/cadtool/cadence/STRATUS/STRATUS_21.10.100/tools.lnx86/stratus/lib/64bit/libbdw_st.so(+0x2a0541) [0x2b2eb8dd6541]
/usr/cadtool/cadence/STRATUS/STRATUS_21.10.100/tools.lnx86/stratus/lib/64bit/libbdw_st.so(msgAbortChk+0x5a) [0x2b2eb8f5e88a]
/usr/cadtool/cadence/STRATUS/STRATUS_21.10.100/tools.lnx86/stratus/lib/64bit/libstratus_hls.so(_Z9vatMsgLocPv5MsgIdRK9MsgLimValiP13__va_list_tag+0x145) [0x2b2ebcecfda5]
/usr/cadtool/cadence/STRATUS/STRATUS_21.10.100/tools.lnx86/stratus/lib/64bit/libstratus_hls.so(_Z7message5MsgIdiz+0x9f) [0x2b2ebced05cf]
/usr/lib64/libpthread.so.0(+0xf630) [0x2b2eb5f2e630]
/usr/cadtool/cadence/STRATUS/STRATUS_21.10.100/tools.lnx86/stratus/lib/64bit/libhub.so(_ZN4CHub13execAllToTimeEd+0x55) [0x2b2ebb778405]
/usr/cadtool/cadence/STRATUS/STRATUS_21.10.100/tools.lnx86/stratus/lib/64bit/libhub.so(_ZN16CTimeQBHCallback7executeEv+0x1f) [0x2b2ebb7828bf]
/usr/cadtool/cadence/STRATUS/STRATUS_21.10.100/tools.lnx86/stratus/lib/64bit/libhub.so(cpliTimerCallback+0xa) [0x2b2ebb78365a]
/usr/cadtool/cadence/STRATUS/STRATUS_21.10.100/tools.lnx86/stratus/lib/64bit/ncvlog_ssl.so(sslTimerCb+0xef) [0x2b2eb747cfdf]
